\BOOKMARK [1][-]{section.1}{\376\377\000I\000n\000t\000r\000o\000d\000u\000c\000t\000i\000o\000n}{}% 1
\BOOKMARK [1][-]{section.2}{\376\377\000A\000c\000c\000u\000r\000a\000c\000y\000\040\000g\000l\000o\000b\000a\000l\000e}{}% 2
\BOOKMARK [2][-]{subsection.2.1}{\376\377\000C\000o\000m\000p\000a\000r\000a\000i\000s\000o\000n\000\040\000d\000e\000s\000\040\000a\000p\000p\000r\000o\000c\000h\000e\000s}{section.2}% 3
\BOOKMARK [1][-]{section.3}{\376\377\000R\000\351\000s\000u\000l\000t\000a\000t\000s\000\040\000p\000a\000r\000\040\000t\000y\000p\000e\000\040\000\050\000S\000i\000n\000g\000l\000e\000\040\000v\000s\000\040\000C\000o\000m\000p\000a\000r\000i\000s\000o\000n\000\051}{}% 4
\BOOKMARK [1][-]{section.4}{\376\377\000R\000\351\000s\000u\000l\000t\000a\000t\000s\000\040\000p\000a\000r\000\040\000s\000e\000c\000t\000i\000o\000n}{}% 5
\BOOKMARK [2][-]{subsection.4.1}{\376\377\000P\000r\000o\000m\000p\000t\000\040\0001\000\040\000\050\000f\000i\000n\000e\000t\000u\000n\000\351\000\051}{section.4}% 6
\BOOKMARK [2][-]{subsection.4.2}{\376\377\000P\000r\000o\000m\000p\000t\000\040\0002\000\040\000\050\000f\000i\000n\000e\000t\000u\000n\000\351\000\051}{section.4}% 7
\BOOKMARK [2][-]{subsection.4.3}{\376\377\000F\000e\000w\000-\000s\000h\000o\000t\000\040\000\050\000P\000r\000o\000m\000p\000t\000\040\0001\000\051}{section.4}% 8
\BOOKMARK [1][-]{section.5}{\376\377\000L\000o\000n\000g\000u\000e\000u\000r\000\040\000d\000u\000\040\000p\000r\000o\000m\000p\000t\000\040\000e\000t\000\040\000p\000e\000r\000f\000o\000r\000m\000a\000n\000c\000e}{}% 9
\BOOKMARK [1][-]{section.6}{\376\377\000R\000\351\000g\000r\000e\000s\000s\000i\000o\000n\000s\000\040\000e\000t\000\040\000a\000m\000\351\000l\000i\000o\000r\000a\000t\000i\000o\000n\000s\000\040\000\050\000B\000a\000s\000e\000l\000i\000n\000e\000\040\000v\000s\000\040\000F\000i\000n\000e\000t\000u\000n\000\351\000\051}{}% 10
\BOOKMARK [1][-]{section.7}{\376\377\000P\000a\000r\000t\000i\000e\000s\000\040\0008\000,\000\040\0009\000\040\000e\000t\000\040\0001\0000\000\040\000d\000u\000\040\000n\000o\000t\000e\000b\000o\000o\000k\000\040\000c\000o\000m\000p\000a\000r\000e\000\137\000e\000r\000r\000o\000r\000\040\000\050\000c\001\123\000u\000r\000\040\000d\000e\000\040\000l\000'\000a\000n\000a\000l\000y\000s\000e\000\051}{}% 11
\BOOKMARK [2][-]{subsection.7.1}{\376\377\000S\000e\000c\000t\000i\000o\000n\000\040\0008\000\040\000:\000\040\000A\000c\000c\000o\000r\000d\000\040\000/\000\040\000d\000\351\000s\000a\000c\000c\000o\000r\000d\000\040\000e\000n\000t\000r\000e\000\040\000l\000e\000s\000\040\0003\000\040\000a\000p\000p\000r\000o\000c\000h\000e\000s}{section.7}% 12
\BOOKMARK [2][-]{subsection.7.2}{\376\377\000S\000e\000c\000t\000i\000o\000n\000\040\0008\000b\000\040\000:\000\040\000C\000o\000m\000p\000a\000r\000a\000i\000s\000o\000n\000s\000\040\000d\000e\000u\000x\000-\000\340\000-\000d\000e\000u\000x}{section.7}% 13
\BOOKMARK [3][-]{subsubsection.7.2.1}{\376\377\000P\0001\000\040\000F\000i\000n\000e\000t\000u\000n\000\351\000\040\000v\000s\000\040\000P\0002\000\040\000F\000i\000n\000e\000t\000u\000n\000\351}{subsection.7.2}% 14
\BOOKMARK [3][-]{subsubsection.7.2.2}{\376\377\000P\0001\000\040\000F\000i\000n\000e\000t\000u\000n\000\351\000\040\000/\000\040\000P\0002\000\040\000F\000i\000n\000e\000t\000u\000n\000\351\000\040\000v\000s\000\040\000F\000e\000w\000-\000s\000h\000o\000t}{subsection.7.2}% 15
\BOOKMARK [2][-]{subsection.7.3}{\376\377\000S\000e\000c\000t\000i\000o\000n\000\040\0009\000\040\000:\000\040\000C\000a\000s\000\040\000o\000\371\000\040\000l\000e\000s\000\040\0003\000\040\000a\000p\000p\000r\000o\000c\000h\000e\000s\000\040\000s\000e\000\040\000t\000r\000o\000m\000p\000e\000n\000t\000\040\000\050\000o\000u\000\040\000a\000u\000\040\000m\000o\000i\000n\000s\000\040\0002\000\051}{section.7}% 16
\BOOKMARK [2][-]{subsection.7.4}{\376\377\000S\000e\000c\000t\000i\000o\000n\000\040\0001\0000\000\040\000:\000\040\000C\000a\000s\000\040\000o\000\371\000\040\000l\000e\000s\000\040\0003\000\040\000a\000p\000p\000r\000o\000c\000h\000e\000s\000\040\000o\000n\000t\000\040\000r\000a\000i\000s\000o\000n}{section.7}% 17
\BOOKMARK [2][-]{subsection.7.5}{\376\377\000S\000e\000c\000t\000i\000o\000n\000\040\0001\0000\000b\000\040\000:\000\040\000E\000x\000e\000m\000p\000l\000e\000s\000\040\000p\000o\000u\000r\000\040\000a\000n\000a\000l\000y\000s\000e\000\040\000e\000t\000\040\000r\000\351\000p\000a\000r\000t\000i\000t\000i\000o\000n\000\040\000p\000a\000r\000\040\000t\000y\000p\000e\000/\000s\000e\000c\000t\000i\000o\000n}{section.7}% 18
\BOOKMARK [1][-]{section.8}{\376\377\000M\000a\000t\000r\000i\000c\000e\000s\000\040\000d\000e\000\040\000c\000o\000n\000f\000u\000s\000i\000o\000n\000\040\000e\000t\000\040\000e\000r\000r\000e\000u\000r\000s}{}% 19
\BOOKMARK [1][-]{section.9}{\376\377\000S\000y\000n\000t\000h\000\350\000s\000e\000\040\000p\000a\000r\000\040\000a\000p\000p\000r\000o\000c\000h\000e}{}% 20
\BOOKMARK [2][-]{subsection.9.1}{\376\377\000P\000r\000o\000m\000p\000t\000\040\0001\000\040\000\050\000e\000r\000r\000o\000r\000\137\000a\000n\000a\000l\000y\000s\000i\000s\000\137\000p\000r\000o\000m\000p\000t\0001\000\051}{section.9}% 21
\BOOKMARK [2][-]{subsection.9.2}{\376\377\000P\000r\000o\000m\000p\000t\000\040\0002\000\040\000\050\000e\000r\000r\000o\000r\000\137\000a\000n\000a\000l\000y\000s\000i\000s\000\137\000p\000r\000o\000m\000p\000t\0002\000\051}{section.9}% 22
\BOOKMARK [2][-]{subsection.9.3}{\376\377\000F\000e\000w\000-\000s\000h\000o\000t\000\040\000P\000r\000o\000m\000p\000t\000\040\0001\000\040\000\050\000e\000r\000r\000o\000r\000\137\000a\000n\000a\000l\000y\000s\000i\000s\000\137\000f\000e\000w\000s\000h\000o\000t\000\137\000p\000r\000o\000m\000p\000t\0001\000\051}{section.9}% 23
\BOOKMARK [1][-]{section.10}{\376\377\000C\000o\000n\000c\000l\000u\000s\000i\000o\000n\000s}{}% 24
